Assuming unrestricted shared filesystem usage.
None
host: sandb6-ThinkStation-P8
Building DAG of jobs...
Using shell: /usr/bin/bash
Provided cores: 5
Rules claiming more threads will be scaled down.
Job stats:
job                  count
-----------------  -------
all                      1
cluster_genomes          1
finalize_results         1
visualize_results        1
total                    4

Select jobs to execute...
Execute 1 jobs...
[Wed Mar 25 12:27:24 2026]
localrule cluster_genomes:
    input: /mnt/HDD12TB/pathogen_reruns/vibrio_parahaemolyticus/MARGE/2-distances/distances.txt
    output: /mnt/HDD12TB/pathogen_reruns/vibrio_parahaemolyticus/MARGE/3-cluster/representatives.txt, /mnt/HDD12TB/pathogen_reruns/vibrio_parahaemolyticus/MARGE/3-cluster/clustering_data.json
    log: /mnt/HDD12TB/pathogen_reruns/vibrio_parahaemolyticus/MARGE/logs/3-cluster.log
    jobid: 4
    reason: Forced execution
    resources: tmpdir=/tmp

[Wed Mar 25 12:28:13 2026]
Finished jobid: 4 (Rule: cluster_genomes)
1 of 4 steps (25%) done
Select jobs to execute...
Execute 2 jobs...
[Wed Mar 25 12:28:13 2026]
localrule finalize_results:
    input: /mnt/HDD12TB/pathogen_reruns/vibrio_parahaemolyticus/MARGE/1-sketch/non_targets.txt, /mnt/HDD12TB/pathogen_reruns/vibrio_parahaemolyticus/MARGE/3-cluster/representatives.txt
    output: /mnt/HDD12TB/pathogen_reruns/vibrio_parahaemolyticus/MARGE/genomes/selected_accessions.txt, /mnt/HDD12TB/pathogen_reruns/vibrio_parahaemolyticus/MARGE/genomes/uncompressed
    log: /mnt/HDD12TB/pathogen_reruns/vibrio_parahaemolyticus/MARGE/logs/5-finalize.log
    jobid: 1
    reason: Missing output files: /mnt/HDD12TB/pathogen_reruns/vibrio_parahaemolyticus/MARGE/genomes/selected_accessions.txt; Input files updated by another job: /mnt/HDD12TB/pathogen_reruns/vibrio_parahaemolyticus/MARGE/3-cluster/representatives.txt
    resources: tmpdir=/tmp

[Wed Mar 25 12:28:13 2026]
localrule visualize_results:
    input: /mnt/HDD12TB/pathogen_reruns/vibrio_parahaemolyticus/MARGE/3-cluster/clustering_data.json
    output: /mnt/HDD12TB/pathogen_reruns/vibrio_parahaemolyticus/MARGE/4-visualize/cluster_distribution.html
    log: /mnt/HDD12TB/pathogen_reruns/vibrio_parahaemolyticus/MARGE/logs/4-visualize.log
    jobid: 6
    reason: Input files updated by another job: /mnt/HDD12TB/pathogen_reruns/vibrio_parahaemolyticus/MARGE/3-cluster/clustering_data.json
    resources: tmpdir=/tmp

[Wed Mar 25 12:28:41 2026]
Finished jobid: 6 (Rule: visualize_results)
2 of 4 steps (50%) done
[Wed Mar 25 12:58:08 2026]
Finished jobid: 1 (Rule: finalize_results)
3 of 4 steps (75%) done
Select jobs to execute...
Execute 1 jobs...
[Wed Mar 25 12:58:08 2026]
localrule all:
    input: /mnt/HDD12TB/pathogen_reruns/vibrio_parahaemolyticus/MARGE/genomes/selected_accessions.txt, /mnt/HDD12TB/pathogen_reruns/vibrio_parahaemolyticus/MARGE/4-visualize/cluster_distribution.html
    jobid: 0
    reason: Input files updated by another job: /mnt/HDD12TB/pathogen_reruns/vibrio_parahaemolyticus/MARGE/4-visualize/cluster_distribution.html, /mnt/HDD12TB/pathogen_reruns/vibrio_parahaemolyticus/MARGE/genomes/selected_accessions.txt
    resources: tmpdir=/tmp

[Wed Mar 25 12:58:08 2026]
Finished jobid: 0 (Rule: all)
4 of 4 steps (100%) done
Complete log(s): /home/sandb6/scripts/MARGE/.snakemake/log/2026-03-25T122723.996122.snakemake.log
