Assuming unrestricted shared filesystem usage.
None
host: sandb6-ThinkStation-P8
Building DAG of jobs...
Using shell: /usr/bin/bash
Provided cores: 10
Rules claiming more threads will be scaled down.
Job stats:
job                  count
-----------------  -------
all                      1
cluster_genomes          1
finalize_results         1
visualize_results        1
total                    4

Select jobs to execute...
Execute 1 jobs...
[Tue Mar 31 10:48:52 2026]
localrule cluster_genomes:
    input: /mnt/HDD12TB/pathogen_reruns/streptococcus_dysgalactiae_pyogenes_equi/marge/2-distances/distances.txt
    output: /mnt/HDD12TB/pathogen_reruns/streptococcus_dysgalactiae_pyogenes_equi/marge/3-cluster/representatives.txt, /mnt/HDD12TB/pathogen_reruns/streptococcus_dysgalactiae_pyogenes_equi/marge/3-cluster/clustering_data.json
    log: /mnt/HDD12TB/pathogen_reruns/streptococcus_dysgalactiae_pyogenes_equi/marge/logs/3-cluster.log
    jobid: 4
    reason: Forced execution
    resources: tmpdir=/tmp

Terminating processes on user request, this might take some time.
RuleException:
CalledProcessError in file "/home/sandb6/scripts/MARGE/Snakefile", line 121:
Command 'set -euo pipefail;  
        python3 scripts/3-mashclust-cluster.py             /mnt/HDD12TB/pathogen_reruns/streptococcus_dysgalactiae_pyogenes_equi/marge/2-distances/distances.txt             -o /mnt/HDD12TB/pathogen_reruns/streptococcus_dysgalactiae_pyogenes_equi/marge/3-cluster/representatives.txt             -t 0.992             -n 1             --reference GCF_016724885.1 GCF_004028355.1 GCF_900156215.1 2>&1 | tee /mnt/HDD12TB/pathogen_reruns/streptococcus_dysgalactiae_pyogenes_equi/marge/logs/3-cluster.log' died with <Signals.SIGINT: 2>.
[Tue Mar 31 10:49:07 2026]
Error in rule cluster_genomes:
    message: None
    jobid: 4
    input: /mnt/HDD12TB/pathogen_reruns/streptococcus_dysgalactiae_pyogenes_equi/marge/2-distances/distances.txt
    output: /mnt/HDD12TB/pathogen_reruns/streptococcus_dysgalactiae_pyogenes_equi/marge/3-cluster/representatives.txt, /mnt/HDD12TB/pathogen_reruns/streptococcus_dysgalactiae_pyogenes_equi/marge/3-cluster/clustering_data.json
    log: /mnt/HDD12TB/pathogen_reruns/streptococcus_dysgalactiae_pyogenes_equi/marge/logs/3-cluster.log (check log file(s) for error details)
    shell:
        
        python3 scripts/3-mashclust-cluster.py             /mnt/HDD12TB/pathogen_reruns/streptococcus_dysgalactiae_pyogenes_equi/marge/2-distances/distances.txt             -o /mnt/HDD12TB/pathogen_reruns/streptococcus_dysgalactiae_pyogenes_equi/marge/3-cluster/representatives.txt             -t 0.992             -n 1             --reference GCF_016724885.1 GCF_004028355.1 GCF_900156215.1 2>&1 | tee /mnt/HDD12TB/pathogen_reruns/streptococcus_dysgalactiae_pyogenes_equi/marge/logs/3-cluster.log
        
        (command exited with non-zero exit code)
Complete log(s): /home/sandb6/scripts/MARGE/.snakemake/log/2026-03-31T104852.501609.snakemake.log
WorkflowError:
At least one job did not complete successfully.
