Assuming unrestricted shared filesystem usage.
None
host: sandb6-ThinkStation-P8
Building DAG of jobs...
Using shell: /usr/bin/bash
Provided cores: 10
Rules claiming more threads will be scaled down.
Job stats:
job                  count
-----------------  -------
all                      1
cluster_genomes          1
finalize_results         1
visualize_results        1
total                    4

Select jobs to execute...
Execute 1 jobs...
[Tue Mar 31 10:14:31 2026]
localrule cluster_genomes:
    input: /mnt/HDD12TB/pathogen_reruns/streptococcus_dysgalactiae_pyogenes_equi/marge/2-distances/distances.txt
    output: /mnt/HDD12TB/pathogen_reruns/streptococcus_dysgalactiae_pyogenes_equi/marge/3-cluster/representatives.txt, /mnt/HDD12TB/pathogen_reruns/streptococcus_dysgalactiae_pyogenes_equi/marge/3-cluster/clustering_data.json
    log: /mnt/HDD12TB/pathogen_reruns/streptococcus_dysgalactiae_pyogenes_equi/marge/logs/3-cluster.log
    jobid: 4
    reason: Forced execution
    resources: tmpdir=/tmp

[Tue Mar 31 10:16:02 2026]
Finished jobid: 4 (Rule: cluster_genomes)
1 of 4 steps (25%) done
Select jobs to execute...
Execute 2 jobs...
[Tue Mar 31 10:16:02 2026]
localrule finalize_results:
    input: /mnt/HDD12TB/pathogen_reruns/streptococcus_dysgalactiae_pyogenes_equi/marge/1-sketch/non_targets.txt, /mnt/HDD12TB/pathogen_reruns/streptococcus_dysgalactiae_pyogenes_equi/marge/3-cluster/representatives.txt
    output: /mnt/HDD12TB/pathogen_reruns/streptococcus_dysgalactiae_pyogenes_equi/marge/genomes/selected_accessions.txt, /mnt/HDD12TB/pathogen_reruns/streptococcus_dysgalactiae_pyogenes_equi/marge/genomes/uncompressed
    log: /mnt/HDD12TB/pathogen_reruns/streptococcus_dysgalactiae_pyogenes_equi/marge/logs/5-finalize.log
    jobid: 1
    reason: Input files updated by another job: /mnt/HDD12TB/pathogen_reruns/streptococcus_dysgalactiae_pyogenes_equi/marge/3-cluster/representatives.txt
    resources: tmpdir=/tmp

[Tue Mar 31 10:16:05 2026]
localrule visualize_results:
    input: /mnt/HDD12TB/pathogen_reruns/streptococcus_dysgalactiae_pyogenes_equi/marge/3-cluster/clustering_data.json
    output: /mnt/HDD12TB/pathogen_reruns/streptococcus_dysgalactiae_pyogenes_equi/marge/4-visualize/cluster_distribution.html
    log: /mnt/HDD12TB/pathogen_reruns/streptococcus_dysgalactiae_pyogenes_equi/marge/logs/4-visualize.log
    jobid: 6
    reason: Missing output files: /mnt/HDD12TB/pathogen_reruns/streptococcus_dysgalactiae_pyogenes_equi/marge/4-visualize/cluster_distribution.html; Input files updated by another job: /mnt/HDD12TB/pathogen_reruns/streptococcus_dysgalactiae_pyogenes_equi/marge/3-cluster/clustering_data.json
    resources: tmpdir=/tmp

RuleException:
CalledProcessError in file "/home/sandb6/scripts/MARGE/Snakefile", line 138:
Command 'set -euo pipefail;  
        python3 scripts/4-mashclust-visualize.py             /mnt/HDD12TB/pathogen_reruns/streptococcus_dysgalactiae_pyogenes_equi/marge/3-cluster             -o /mnt/HDD12TB/pathogen_reruns/streptococcus_dysgalactiae_pyogenes_equi/marge/4-visualize 2>&1 | tee /mnt/HDD12TB/pathogen_reruns/streptococcus_dysgalactiae_pyogenes_equi/marge/logs/4-visualize.log' returned non-zero exit status 1.
[Tue Mar 31 10:16:38 2026]
Error in rule visualize_results:
    message: None
    jobid: 6
    input: /mnt/HDD12TB/pathogen_reruns/streptococcus_dysgalactiae_pyogenes_equi/marge/3-cluster/clustering_data.json
    output: /mnt/HDD12TB/pathogen_reruns/streptococcus_dysgalactiae_pyogenes_equi/marge/4-visualize/cluster_distribution.html
    log: /mnt/HDD12TB/pathogen_reruns/streptococcus_dysgalactiae_pyogenes_equi/marge/logs/4-visualize.log (check log file(s) for error details)
    shell:
        
        python3 scripts/4-mashclust-visualize.py             /mnt/HDD12TB/pathogen_reruns/streptococcus_dysgalactiae_pyogenes_equi/marge/3-cluster             -o /mnt/HDD12TB/pathogen_reruns/streptococcus_dysgalactiae_pyogenes_equi/marge/4-visualize 2>&1 | tee /mnt/HDD12TB/pathogen_reruns/streptococcus_dysgalactiae_pyogenes_equi/marge/logs/4-visualize.log
        
        (command exited with non-zero exit code)
Removing output files of failed job visualize_results since they might be corrupted:
/mnt/HDD12TB/pathogen_reruns/streptococcus_dysgalactiae_pyogenes_equi/marge/4-visualize/cluster_distribution.html
Terminating processes on user request, this might take some time.
RuleException:
CalledProcessError in file "/home/sandb6/scripts/MARGE/Snakefile", line 159:
Command 'set -euo pipefail;  
        python3 scripts/5-mashclust-finalize.py             --non-targets /mnt/HDD12TB/pathogen_reruns/streptococcus_dysgalactiae_pyogenes_equi/marge/1-sketch/non_targets.txt             --representatives /mnt/HDD12TB/pathogen_reruns/streptococcus_dysgalactiae_pyogenes_equi/marge/3-cluster/representatives.txt             --out-dir /mnt/HDD12TB/pathogen_reruns/streptococcus_dysgalactiae_pyogenes_equi/marge/genomes             --genomes-subdir uncompressed             --acc-file /mnt/HDD12TB/pathogen_reruns/streptococcus_dysgalactiae_pyogenes_equi/marge/genomes/selected_accessions.txt             --dataset-manager /home/sandb6/scripts/MARGE/scripts/5.1-dataset-manager.py             --api-key d049639a1f4590180b14464bd6a7229d1307 2>&1 | tee /mnt/HDD12TB/pathogen_reruns/streptococcus_dysgalactiae_pyogenes_equi/marge/logs/5-finalize.log' died with <Signals.SIGINT: 2>.
[Tue Mar 31 10:29:42 2026]
Error in rule finalize_results:
    message: None
    jobid: 1
    input: /mnt/HDD12TB/pathogen_reruns/streptococcus_dysgalactiae_pyogenes_equi/marge/1-sketch/non_targets.txt, /mnt/HDD12TB/pathogen_reruns/streptococcus_dysgalactiae_pyogenes_equi/marge/3-cluster/representatives.txt
    output: /mnt/HDD12TB/pathogen_reruns/streptococcus_dysgalactiae_pyogenes_equi/marge/genomes/selected_accessions.txt, /mnt/HDD12TB/pathogen_reruns/streptococcus_dysgalactiae_pyogenes_equi/marge/genomes/uncompressed
    log: /mnt/HDD12TB/pathogen_reruns/streptococcus_dysgalactiae_pyogenes_equi/marge/logs/5-finalize.log (check log file(s) for error details)
    shell:
        
        python3 scripts/5-mashclust-finalize.py             --non-targets /mnt/HDD12TB/pathogen_reruns/streptococcus_dysgalactiae_pyogenes_equi/marge/1-sketch/non_targets.txt             --representatives /mnt/HDD12TB/pathogen_reruns/streptococcus_dysgalactiae_pyogenes_equi/marge/3-cluster/representatives.txt             --out-dir /mnt/HDD12TB/pathogen_reruns/streptococcus_dysgalactiae_pyogenes_equi/marge/genomes             --genomes-subdir uncompressed             --acc-file /mnt/HDD12TB/pathogen_reruns/streptococcus_dysgalactiae_pyogenes_equi/marge/genomes/selected_accessions.txt             --dataset-manager /home/sandb6/scripts/MARGE/scripts/5.1-dataset-manager.py             --api-key d049639a1f4590180b14464bd6a7229d1307 2>&1 | tee /mnt/HDD12TB/pathogen_reruns/streptococcus_dysgalactiae_pyogenes_equi/marge/logs/5-finalize.log
        
        (command exited with non-zero exit code)
Complete log(s): /home/sandb6/scripts/MARGE/.snakemake/log/2026-03-31T101431.703527.snakemake.log
WorkflowError:
At least one job did not complete successfully.
