Assuming unrestricted shared filesystem usage.
None
host: sandb6-ThinkStation-P8
Building DAG of jobs...
Using shell: /usr/bin/bash
Provided cores: 10
Rules claiming more threads will be scaled down.
Job stats:
job                  count
-----------------  -------
all                      1
cluster_genomes          1
finalize_results         1
visualize_results        1
total                    4

Select jobs to execute...
Execute 1 jobs...
[Mon Apr  6 10:52:57 2026]
localrule cluster_genomes:
    input: /mnt/HDD12TB/pathogen_reruns/streptococcus_dysgalactiae_pyogenes_equi/marge/2-distances/distances.txt
    output: /mnt/HDD12TB/pathogen_reruns/streptococcus_dysgalactiae_pyogenes_equi/marge/3-cluster/representatives.txt, /mnt/HDD12TB/pathogen_reruns/streptococcus_dysgalactiae_pyogenes_equi/marge/3-cluster/clustering_data.json
    log: /mnt/HDD12TB/pathogen_reruns/streptococcus_dysgalactiae_pyogenes_equi/marge/logs/3-cluster.log
    jobid: 0
    reason: Forced execution
    resources: tmpdir=/tmp

