Assuming unrestricted shared filesystem usage.
None
host: sandb6-ThinkStation-P8
Building DAG of jobs...
Using shell: /usr/bin/bash
Provided cores: 10
Rules claiming more threads will be scaled down.
Job stats:
job                  count
-----------------  -------
all                      1
cluster_genomes          1
finalize_results         1
visualize_results        1
total                    4

Select jobs to execute...
Execute 1 jobs...
[Tue Mar 31 10:49:25 2026]
localrule cluster_genomes:
    input: /mnt/HDD12TB/pathogen_reruns/streptococcus_dysgalactiae_pyogenes_equi/marge/2-distances/distances.txt
    output: /mnt/HDD12TB/pathogen_reruns/streptococcus_dysgalactiae_pyogenes_equi/marge/3-cluster/representatives.txt, /mnt/HDD12TB/pathogen_reruns/streptococcus_dysgalactiae_pyogenes_equi/marge/3-cluster/clustering_data.json
    log: /mnt/HDD12TB/pathogen_reruns/streptococcus_dysgalactiae_pyogenes_equi/marge/logs/3-cluster.log
    jobid: 4
    reason: Forced execution
    resources: tmpdir=/tmp

[Tue Mar 31 10:57:55 2026]
Finished jobid: 4 (Rule: cluster_genomes)
1 of 4 steps (25%) done
Select jobs to execute...
Execute 2 jobs...
[Tue Mar 31 10:57:55 2026]
localrule finalize_results:
    input: /mnt/HDD12TB/pathogen_reruns/streptococcus_dysgalactiae_pyogenes_equi/marge/1-sketch/non_targets.txt, /mnt/HDD12TB/pathogen_reruns/streptococcus_dysgalactiae_pyogenes_equi/marge/3-cluster/representatives.txt
    output: /mnt/HDD12TB/pathogen_reruns/streptococcus_dysgalactiae_pyogenes_equi/marge/genomes/selected_accessions.txt, /mnt/HDD12TB/pathogen_reruns/streptococcus_dysgalactiae_pyogenes_equi/marge/genomes/uncompressed
    log: /mnt/HDD12TB/pathogen_reruns/streptococcus_dysgalactiae_pyogenes_equi/marge/logs/5-finalize.log
    jobid: 1
    reason: Missing output files: /mnt/HDD12TB/pathogen_reruns/streptococcus_dysgalactiae_pyogenes_equi/marge/genomes/selected_accessions.txt; Input files updated by another job: /mnt/HDD12TB/pathogen_reruns/streptococcus_dysgalactiae_pyogenes_equi/marge/3-cluster/representatives.txt
    resources: tmpdir=/tmp

[Tue Mar 31 10:57:55 2026]
localrule visualize_results:
    input: /mnt/HDD12TB/pathogen_reruns/streptococcus_dysgalactiae_pyogenes_equi/marge/3-cluster/clustering_data.json
    output: /mnt/HDD12TB/pathogen_reruns/streptococcus_dysgalactiae_pyogenes_equi/marge/4-visualize/cluster_distribution.html
    log: /mnt/HDD12TB/pathogen_reruns/streptococcus_dysgalactiae_pyogenes_equi/marge/logs/4-visualize.log
    jobid: 6
    reason: Missing output files: /mnt/HDD12TB/pathogen_reruns/streptococcus_dysgalactiae_pyogenes_equi/marge/4-visualize/cluster_distribution.html; Input files updated by another job: /mnt/HDD12TB/pathogen_reruns/streptococcus_dysgalactiae_pyogenes_equi/marge/3-cluster/clustering_data.json
    resources: tmpdir=/tmp

RuleException:
CalledProcessError in file "/home/sandb6/scripts/MARGE/Snakefile", line 138:
Command 'set -euo pipefail;  
        python3 scripts/4-mashclust-visualize.py             /mnt/HDD12TB/pathogen_reruns/streptococcus_dysgalactiae_pyogenes_equi/marge/3-cluster             -o /mnt/HDD12TB/pathogen_reruns/streptococcus_dysgalactiae_pyogenes_equi/marge/4-visualize 2>&1 | tee /mnt/HDD12TB/pathogen_reruns/streptococcus_dysgalactiae_pyogenes_equi/marge/logs/4-visualize.log' returned non-zero exit status 1.
[Tue Mar 31 10:58:54 2026]
Error in rule visualize_results:
    message: None
    jobid: 6
    input: /mnt/HDD12TB/pathogen_reruns/streptococcus_dysgalactiae_pyogenes_equi/marge/3-cluster/clustering_data.json
    output: /mnt/HDD12TB/pathogen_reruns/streptococcus_dysgalactiae_pyogenes_equi/marge/4-visualize/cluster_distribution.html
    log: /mnt/HDD12TB/pathogen_reruns/streptococcus_dysgalactiae_pyogenes_equi/marge/logs/4-visualize.log (check log file(s) for error details)
    shell:
        
        python3 scripts/4-mashclust-visualize.py             /mnt/HDD12TB/pathogen_reruns/streptococcus_dysgalactiae_pyogenes_equi/marge/3-cluster             -o /mnt/HDD12TB/pathogen_reruns/streptococcus_dysgalactiae_pyogenes_equi/marge/4-visualize 2>&1 | tee /mnt/HDD12TB/pathogen_reruns/streptococcus_dysgalactiae_pyogenes_equi/marge/logs/4-visualize.log
        
        (command exited with non-zero exit code)
Removing output files of failed job visualize_results since they might be corrupted:
/mnt/HDD12TB/pathogen_reruns/streptococcus_dysgalactiae_pyogenes_equi/marge/4-visualize/cluster_distribution.html
[Tue Mar 31 11:02:19 2026]
Finished jobid: 1 (Rule: finalize_results)
2 of 4 steps (50%) done
Shutting down, this might take some time.
Exiting because a job execution failed. Look below for error messages
[Tue Mar 31 11:02:19 2026]
Error in rule visualize_results:
    message: None
    jobid: 6
    input: /mnt/HDD12TB/pathogen_reruns/streptococcus_dysgalactiae_pyogenes_equi/marge/3-cluster/clustering_data.json
    output: /mnt/HDD12TB/pathogen_reruns/streptococcus_dysgalactiae_pyogenes_equi/marge/4-visualize/cluster_distribution.html
    log: /mnt/HDD12TB/pathogen_reruns/streptococcus_dysgalactiae_pyogenes_equi/marge/logs/4-visualize.log (check log file(s) for error details)
    shell:
        
        python3 scripts/4-mashclust-visualize.py             /mnt/HDD12TB/pathogen_reruns/streptococcus_dysgalactiae_pyogenes_equi/marge/3-cluster             -o /mnt/HDD12TB/pathogen_reruns/streptococcus_dysgalactiae_pyogenes_equi/marge/4-visualize 2>&1 | tee /mnt/HDD12TB/pathogen_reruns/streptococcus_dysgalactiae_pyogenes_equi/marge/logs/4-visualize.log
        
        (command exited with non-zero exit code)
Complete log(s): /home/sandb6/scripts/MARGE/.snakemake/log/2026-03-31T104924.857212.snakemake.log
WorkflowError:
At least one job did not complete successfully.
