Assuming unrestricted shared filesystem usage.
None
host: sandb6-ThinkStation-P8
Building DAG of jobs...
Using shell: /usr/bin/bash
Provided cores: 3
Rules claiming more threads will be scaled down.
Job stats:
job                  count
-----------------  -------
all                      1
cluster_genomes          1
finalize_results         1
visualize_results        1
total                    4

Select jobs to execute...
Execute 1 jobs...
[Wed Apr  8 10:53:01 2026]
localrule cluster_genomes:
    input: /mnt/HDD12TB/pathogen_reruns/streptococcus_suis/marge/2-distances/distances.txt
    output: /mnt/HDD12TB/pathogen_reruns/streptococcus_suis/marge/3-cluster/representatives.txt, /mnt/HDD12TB/pathogen_reruns/streptococcus_suis/marge/3-cluster/clustering_data.json
    log: /mnt/HDD12TB/pathogen_reruns/streptococcus_suis/marge/logs/3-cluster.log
    jobid: 4
    reason: Forced execution
    resources: tmpdir=/tmp

[Wed Apr  8 10:53:01 2026]
Finished jobid: 4 (Rule: cluster_genomes)
1 of 4 steps (25%) done
Select jobs to execute...
Execute 2 jobs...
[Wed Apr  8 10:53:01 2026]
localrule visualize_results:
    input: /mnt/HDD12TB/pathogen_reruns/streptococcus_suis/marge/3-cluster/clustering_data.json
    output: /mnt/HDD12TB/pathogen_reruns/streptococcus_suis/marge/4-visualize/cluster_distribution.html
    log: /mnt/HDD12TB/pathogen_reruns/streptococcus_suis/marge/logs/4-visualize.log
    jobid: 6
    reason: Input files updated by another job: /mnt/HDD12TB/pathogen_reruns/streptococcus_suis/marge/3-cluster/clustering_data.json
    resources: tmpdir=/tmp

[Wed Apr  8 10:53:01 2026]
localrule finalize_results:
    input: /mnt/HDD12TB/pathogen_reruns/streptococcus_suis/marge/1-sketch/non_targets.txt, /mnt/HDD12TB/pathogen_reruns/streptococcus_suis/marge/3-cluster/representatives.txt
    output: /mnt/HDD12TB/pathogen_reruns/streptococcus_suis/marge/genomes/selected_accessions.txt, /mnt/HDD12TB/pathogen_reruns/streptococcus_suis/marge/genomes/uncompressed
    log: /mnt/HDD12TB/pathogen_reruns/streptococcus_suis/marge/logs/5-finalize.log
    jobid: 1
    reason: Missing output files: /mnt/HDD12TB/pathogen_reruns/streptococcus_suis/marge/genomes/selected_accessions.txt; Input files updated by another job: /mnt/HDD12TB/pathogen_reruns/streptococcus_suis/marge/3-cluster/representatives.txt
    resources: tmpdir=/tmp

Terminating processes on user request, this might take some time.
RuleException:
CalledProcessError in file "/home/sandb6/scripts/MARGE/Snakefile", line 136:
Command 'set -euo pipefail;  
        python3 scripts/4-mashclust-visualize.py             /mnt/HDD12TB/pathogen_reruns/streptococcus_suis/marge/3-cluster             -o /mnt/HDD12TB/pathogen_reruns/streptococcus_suis/marge/4-visualize 2>&1 | tee /mnt/HDD12TB/pathogen_reruns/streptococcus_suis/marge/logs/4-visualize.log' died with <Signals.SIGINT: 2>.
[Wed Apr  8 10:53:10 2026]
Error in rule visualize_results:
    message: None
    jobid: 6
    input: /mnt/HDD12TB/pathogen_reruns/streptococcus_suis/marge/3-cluster/clustering_data.json
    output: /mnt/HDD12TB/pathogen_reruns/streptococcus_suis/marge/4-visualize/cluster_distribution.html
    log: /mnt/HDD12TB/pathogen_reruns/streptococcus_suis/marge/logs/4-visualize.log (check log file(s) for error details)
    shell:
        
        python3 scripts/4-mashclust-visualize.py             /mnt/HDD12TB/pathogen_reruns/streptococcus_suis/marge/3-cluster             -o /mnt/HDD12TB/pathogen_reruns/streptococcus_suis/marge/4-visualize 2>&1 | tee /mnt/HDD12TB/pathogen_reruns/streptococcus_suis/marge/logs/4-visualize.log
        
        (command exited with non-zero exit code)
