Assuming unrestricted shared filesystem usage.
None
host: sandb6-ThinkStation-P8
Building DAG of jobs...
Using shell: /usr/bin/bash
Provided cores: 5
Rules claiming more threads will be scaled down.
Job stats:
job                    count
-------------------  -------
all                        1
calculate_distances        1
cluster_genomes            1
download_genomes           1
finalize_results           1
sketch_and_filter          1
visualize_results          1
total                      7

Select jobs to execute...
Execute 1 jobs...
[Tue Mar 24 10:07:33 2026]
localrule download_genomes:
    input: /mnt/HDD12TB/pathogen_reruns/vibrio_parahaemolyticus/pipeline1/accessions.txt
    output: /mnt/HDD12TB/pathogen_reruns/vibrio_parahaemolyticus/MARGE/0-download/genomes, /mnt/HDD12TB/pathogen_reruns/vibrio_parahaemolyticus/MARGE/0-download/genome_list.txt
    log: /mnt/HDD12TB/pathogen_reruns/vibrio_parahaemolyticus/MARGE/logs/0-download.log
    jobid: 3
    reason: Missing output files: /mnt/HDD12TB/pathogen_reruns/vibrio_parahaemolyticus/MARGE/0-download/genomes
    resources: tmpdir=/tmp

[Tue Mar 24 13:48:36 2026]
Finished jobid: 3 (Rule: download_genomes)
1 of 7 steps (14%) done
Select jobs to execute...
Execute 1 jobs...
[Tue Mar 24 13:48:36 2026]
localrule sketch_and_filter:
    input: /mnt/HDD12TB/pathogen_reruns/vibrio_parahaemolyticus/MARGE/0-download/genomes
    output: /mnt/HDD12TB/pathogen_reruns/vibrio_parahaemolyticus/MARGE/1-sketch/genomes_sketch.msh, /mnt/HDD12TB/pathogen_reruns/vibrio_parahaemolyticus/MARGE/1-sketch/targets.txt, /mnt/HDD12TB/pathogen_reruns/vibrio_parahaemolyticus/MARGE/1-sketch/non_targets.txt
    log: /mnt/HDD12TB/pathogen_reruns/vibrio_parahaemolyticus/MARGE/logs/1-sketch.log
    jobid: 2
    reason: Missing output files: /mnt/HDD12TB/pathogen_reruns/vibrio_parahaemolyticus/MARGE/1-sketch/non_targets.txt, /mnt/HDD12TB/pathogen_reruns/vibrio_parahaemolyticus/MARGE/1-sketch/genomes_sketch.msh; Input files updated by another job: /mnt/HDD12TB/pathogen_reruns/vibrio_parahaemolyticus/MARGE/0-download/genomes
    threads: 5
    resources: tmpdir=/tmp

[Tue Mar 24 14:53:41 2026]
Finished jobid: 2 (Rule: sketch_and_filter)
2 of 7 steps (29%) done
Select jobs to execute...
Execute 1 jobs...
[Tue Mar 24 14:53:41 2026]
localrule calculate_distances:
    input: /mnt/HDD12TB/pathogen_reruns/vibrio_parahaemolyticus/MARGE/1-sketch/genomes_sketch.msh
    output: /mnt/HDD12TB/pathogen_reruns/vibrio_parahaemolyticus/MARGE/2-distances/distances.txt
    log: /mnt/HDD12TB/pathogen_reruns/vibrio_parahaemolyticus/MARGE/logs/2-distances.log
    jobid: 5
    reason: Missing output files: /mnt/HDD12TB/pathogen_reruns/vibrio_parahaemolyticus/MARGE/2-distances/distances.txt; Input files updated by another job: /mnt/HDD12TB/pathogen_reruns/vibrio_parahaemolyticus/MARGE/1-sketch/genomes_sketch.msh
    threads: 5
    resources: tmpdir=/tmp

[Wed Mar 25 10:23:41 2026]
Finished jobid: 5 (Rule: calculate_distances)
3 of 7 steps (43%) done
Select jobs to execute...
Execute 1 jobs...
[Wed Mar 25 10:23:41 2026]
localrule cluster_genomes:
    input: /mnt/HDD12TB/pathogen_reruns/vibrio_parahaemolyticus/MARGE/2-distances/distances.txt
    output: /mnt/HDD12TB/pathogen_reruns/vibrio_parahaemolyticus/MARGE/3-cluster/representatives.txt, /mnt/HDD12TB/pathogen_reruns/vibrio_parahaemolyticus/MARGE/3-cluster/clustering_data.json
    log: /mnt/HDD12TB/pathogen_reruns/vibrio_parahaemolyticus/MARGE/logs/3-cluster.log
    jobid: 4
    reason: Missing output files: /mnt/HDD12TB/pathogen_reruns/vibrio_parahaemolyticus/MARGE/3-cluster/representatives.txt, /mnt/HDD12TB/pathogen_reruns/vibrio_parahaemolyticus/MARGE/3-cluster/clustering_data.json; Input files updated by another job: /mnt/HDD12TB/pathogen_reruns/vibrio_parahaemolyticus/MARGE/2-distances/distances.txt
    resources: tmpdir=/tmp

[Wed Mar 25 11:25:06 2026]
Finished jobid: 4 (Rule: cluster_genomes)
4 of 7 steps (57%) done
Select jobs to execute...
Execute 2 jobs...
[Wed Mar 25 11:25:06 2026]
localrule finalize_results:
    input: /mnt/HDD12TB/pathogen_reruns/vibrio_parahaemolyticus/MARGE/1-sketch/non_targets.txt, /mnt/HDD12TB/pathogen_reruns/vibrio_parahaemolyticus/MARGE/3-cluster/representatives.txt
    output: /mnt/HDD12TB/pathogen_reruns/vibrio_parahaemolyticus/MARGE/genomes/selected_accessions.txt, /mnt/HDD12TB/pathogen_reruns/vibrio_parahaemolyticus/MARGE/genomes/uncompressed
    log: /mnt/HDD12TB/pathogen_reruns/vibrio_parahaemolyticus/MARGE/logs/5-finalize.log
    jobid: 1
    reason: Missing output files: /mnt/HDD12TB/pathogen_reruns/vibrio_parahaemolyticus/MARGE/genomes/selected_accessions.txt; Input files updated by another job: /mnt/HDD12TB/pathogen_reruns/vibrio_parahaemolyticus/MARGE/3-cluster/representatives.txt, /mnt/HDD12TB/pathogen_reruns/vibrio_parahaemolyticus/MARGE/1-sketch/non_targets.txt
    resources: tmpdir=/tmp

[Wed Mar 25 11:25:06 2026]
localrule visualize_results:
    input: /mnt/HDD12TB/pathogen_reruns/vibrio_parahaemolyticus/MARGE/3-cluster/clustering_data.json
    output: /mnt/HDD12TB/pathogen_reruns/vibrio_parahaemolyticus/MARGE/4-visualize/cluster_distribution.html
    log: /mnt/HDD12TB/pathogen_reruns/vibrio_parahaemolyticus/MARGE/logs/4-visualize.log
    jobid: 6
    reason: Missing output files: /mnt/HDD12TB/pathogen_reruns/vibrio_parahaemolyticus/MARGE/4-visualize/cluster_distribution.html; Input files updated by another job: /mnt/HDD12TB/pathogen_reruns/vibrio_parahaemolyticus/MARGE/3-cluster/clustering_data.json
    resources: tmpdir=/tmp

[Wed Mar 25 11:25:38 2026]
Finished jobid: 1 (Rule: finalize_results)
5 of 7 steps (71%) done
[Wed Mar 25 11:31:14 2026]
Finished jobid: 6 (Rule: visualize_results)
6 of 7 steps (86%) done
Select jobs to execute...
Execute 1 jobs...
[Wed Mar 25 11:31:14 2026]
localrule all:
    input: /mnt/HDD12TB/pathogen_reruns/vibrio_parahaemolyticus/MARGE/genomes/selected_accessions.txt, /mnt/HDD12TB/pathogen_reruns/vibrio_parahaemolyticus/MARGE/4-visualize/cluster_distribution.html
    jobid: 0
    reason: Input files updated by another job: /mnt/HDD12TB/pathogen_reruns/vibrio_parahaemolyticus/MARGE/4-visualize/cluster_distribution.html, /mnt/HDD12TB/pathogen_reruns/vibrio_parahaemolyticus/MARGE/genomes/selected_accessions.txt
    resources: tmpdir=/tmp

[Wed Mar 25 11:31:14 2026]
Finished jobid: 0 (Rule: all)
7 of 7 steps (100%) done
Complete log(s): /home/sandb6/scripts/MARGE/.snakemake/log/2026-03-24T100733.271458.snakemake.log
